%!Adobe-FontList 1.18
%Locale:0x409

%BeginFont
Handler:DirectoryHandler
FontType:TrueType
FontName:Arial-Black
FamilyName:Arial Black
StyleName:Regular
MenuName:Arial Black
StyleBits:0
WeightClass:900
WidthClass:5
AngleClass:0
FullName:Arial Black
WritingScript:Roman
OutlineFileName:\Arial Black.ttf
DataFormat:sfntData
hasSVG:no
FileLength:122556
FileModTime:1490227408
NameArray:0,Mac,4,Arial Black
NameArray:0,Win,1,Arial Black
%EndFont

%BeginFont
Handler:DirectoryHandler
FontType:TrueType
FontName:Arial-BoldMT
FamilyName:Arial
StyleName:Bold
MenuName:Arial
StyleBits:2
WeightClass:700
WidthClass:5
AngleClass:0
FullName:Arial Bold
WritingScript:Roman
OutlineFileName:\Arial Bold.ttf
DataFormat:sfntData
hasSVG:no
FileLength:751104
FileModTime:1276267392
NameArray:0,Mac,4,Arial Bold
NameArray:0,Win,1,Arial
%EndFont

%BeginFont
Handler:DirectoryHandler
FontType:TrueType
FontName:ArialMT
FamilyName:Arial
StyleName:Regular
MenuName:Arial
StyleBits:0
WeightClass:400
WidthClass:5
AngleClass:0
FullName:Arial
WritingScript:Roman
OutlineFileName:\Arial.ttf
DataFormat:sfntData
hasSVG:no
FileLength:774476
FileModTime:1276267393
NameArray:0,Mac,4,Arial
NameArray:0,Win,1,Arial
%EndFont

%BeginFont
Handler:DirectoryHandler
FontType:TrueType
FontName:Avenir-Book
FamilyName:Avenir
StyleName:Book
MenuName:Avenir Book
StyleBits:0
WeightClass:400
WidthClass:5
AngleClass:0
FullName:Avenir Book
WritingScript:Roman
OutlineFileName:\Avenir.ttc
TTCOffset:72
DataFormat:sfntData
hasSVG:no
FileLength:1593228
FileModTime:1490227408
NameArray:0,Mac,18,Avenir Book
NameArray:0,Mac,4,Avenir Book
NameArray:0,Win,1,Avenir Book
NameArray:0,Win,16,Avenir
%EndFont

%BeginFont
Handler:DirectoryHandler
FontType:TrueType
FontName:Avenir-BookOblique
FamilyName:Avenir
StyleName:Book Oblique
MenuName:Avenir Book
StyleBits:1
WeightClass:400
WidthClass:5
AngleClass:1
FullName:Avenir Book Oblique
WritingScript:Roman
OutlineFileName:\Avenir.ttc
TTCOffset:388
DataFormat:sfntData
hasSVG:no
FileLength:1593228
FileModTime:1490227408
NameArray:0,Mac,18,Avenir Book Oblique
NameArray:0,Mac,4,Avenir Book Oblique
NameArray:0,Win,1,Avenir Book
NameArray:0,Win,16,Avenir
%EndFont

%BeginFont
Handler:DirectoryHandler
FontType:TrueType
FontName:Avenir-Black
FamilyName:Avenir
StyleName:Black
MenuName:Avenir Black
StyleBits:2
WeightClass:800
WidthClass:5
AngleClass:0
FullName:Avenir Black
WritingScript:Roman
OutlineFileName:\Avenir.ttc
TTCOffset:704
DataFormat:sfntData
hasSVG:no
FileLength:1593228
FileModTime:1490227408
NameArray:0,Mac,18,Avenir Black
NameArray:0,Mac,4,Avenir Black
NameArray:0,Win,1,Avenir Black
NameArray:0,Win,16,Avenir
%EndFont

%BeginFont
Handler:DirectoryHandler
FontType:TrueType
FontName:Avenir-BlackOblique
FamilyName:Avenir
StyleName:Black Oblique
MenuName:Avenir Black Oblique
StyleBits:3
WeightClass:800
WidthClass:5
AngleClass:1
FullName:Avenir Black Oblique
WritingScript:Roman
OutlineFileName:\Avenir.ttc
TTCOffset:1004
DataFormat:sfntData
hasSVG:no
FileLength:1593228
FileModTime:1490227408
NameArray:0,Mac,18,Avenir Black Oblique
NameArray:0,Mac,4,Avenir Black Oblique
NameArray:0,Win,1,Avenir Black Oblique
NameArray:0,Win,16,Avenir
%EndFont

%BeginFont
Handler:DirectoryHandler
FontType:TrueType
FontName:Avenir-Heavy
FamilyName:Avenir
StyleName:Heavy
MenuName:Avenir Heavy
StyleBits:2
WeightClass:900
WidthClass:5
AngleClass:0
FullName:Avenir Heavy
WritingScript:Roman
OutlineFileName:\Avenir.ttc
TTCOffset:1304
DataFormat:sfntData
hasSVG:no
FileLength:1593228
FileModTime:1490227408
NameArray:0,Mac,18,Avenir Heavy
NameArray:0,Mac,4,Avenir Heavy
NameArray:0,Win,1,Avenir Heavy
NameArray:0,Win,16,Avenir
%EndFont

%BeginFont
Handler:DirectoryHandler
FontType:TrueType
FontName:Avenir-HeavyOblique
FamilyName:Avenir
StyleName:Heavy Oblique
MenuName:Avenir Heavy
StyleBits:3
WeightClass:900
WidthClass:5
AngleClass:1
FullName:Avenir Heavy Oblique
WritingScript:Roman
OutlineFileName:\Avenir.ttc
TTCOffset:1588
DataFormat:sfntData
hasSVG:no
FileLength:1593228
FileModTime:1490227408
NameArray:0,Mac,18,Avenir Heavy Oblique
NameArray:0,Mac,4,Avenir Heavy Oblique
NameArray:0,Win,1,Avenir Heavy
NameArray:0,Win,16,Avenir
%EndFont

%BeginFont
Handler:DirectoryHandler
FontType:TrueType
FontName:Avenir-Light
FamilyName:Avenir
StyleName:Light
MenuName:Avenir Light
StyleBits:0
WeightClass:300
WidthClass:5
AngleClass:0
FullName:Avenir Light
WritingScript:Roman
OutlineFileName:\Avenir.ttc
TTCOffset:1904
DataFormat:sfntData
hasSVG:no
FileLength:1593228
FileModTime:1490227408
NameArray:0,Mac,18,Avenir Light
NameArray:0,Mac,4,Avenir Light
NameArray:0,Win,1,Avenir Light
NameArray:0,Win,16,Avenir
%EndFont

%BeginFont
Handler:DirectoryHandler
FontType:TrueType
FontName:Avenir-LightOblique
FamilyName:Avenir
StyleName:Light Oblique
MenuName:Avenir Light
StyleBits:1
WeightClass:300
WidthClass:5
AngleClass:1
FullName:Avenir Light Oblique
WritingScript:Roman
OutlineFileName:\Avenir.ttc
TTCOffset:2220
DataFormat:sfntData
hasSVG:no
FileLength:1593228
FileModTime:1490227408
NameArray:0,Mac,18,Avenir Light Oblique
NameArray:0,Mac,4,Avenir Light Oblique
NameArray:0,Win,1,Avenir Light
NameArray:0,Win,16,Avenir
%EndFont

%BeginFont
Handler:DirectoryHandler
FontType:TrueType
FontName:Avenir-Medium
FamilyName:Avenir
StyleName:Medium
MenuName:Avenir Medium
StyleBits:0
WeightClass:500
WidthClass:5
AngleClass:0
FullName:Avenir Medium
WritingScript:Roman
OutlineFileName:\Avenir.ttc
TTCOffset:2536
DataFormat:sfntData
hasSVG:no
FileLength:1593228
FileModTime:1490227408
NameArray:0,Mac,18,Avenir Medium
NameArray:0,Mac,4,Avenir Medium
NameArray:0,Win,1,Avenir Medium
NameArray:0,Win,16,Avenir
%EndFont

%BeginFont
Handler:DirectoryHandler
FontType:TrueType
FontName:Avenir-MediumOblique
FamilyName:Avenir
StyleName:Medium Oblique
MenuName:Avenir Medium
StyleBits:1
WeightClass:500
WidthClass:5
AngleClass:1
FullName:Avenir Medium Oblique
WritingScript:Roman
OutlineFileName:\Avenir.ttc
TTCOffset:2836
DataFormat:sfntData
hasSVG:no
FileLength:1593228
FileModTime:1490227408
NameArray:0,Mac,18,Avenir Medium Oblique
NameArray:0,Mac,4,Avenir Medium Oblique
NameArray:0,Win,1,Avenir Medium
NameArray:0,Win,16,Avenir
%EndFont

%BeginFont
Handler:DirectoryHandler
FontType:TrueType
FontName:Avenir-Oblique
FamilyName:Avenir
StyleName:Oblique
MenuName:Avenir
StyleBits:1
WeightClass:400
WidthClass:5
AngleClass:1
FullName:Avenir Oblique
WritingScript:Roman
OutlineFileName:\Avenir.ttc
TTCOffset:3152
DataFormat:sfntData
hasSVG:no
FileLength:1593228
FileModTime:1490227408
NameArray:0,Mac,18,Avenir Oblique
NameArray:0,Mac,4,Avenir Oblique
NameArray:0,Win,1,Avenir
NameArray:0,Win,16,Avenir
%EndFont

%BeginFont
Handler:DirectoryHandler
FontType:TrueType
FontName:Avenir-Roman
FamilyName:Avenir
StyleName:Roman
MenuName:Avenir
StyleBits:0
WeightClass:400
WidthClass:5
AngleClass:0
FullName:Avenir Roman
WritingScript:Roman
OutlineFileName:\Avenir.ttc
TTCOffset:3468
DataFormat:sfntData
hasSVG:no
FileLength:1593228
FileModTime:1490227408
NameArray:0,Mac,18,Avenir Roman
NameArray:0,Mac,4,Avenir Roman
NameArray:0,Win,1,Avenir
NameArray:0,Win,16,Avenir
%EndFont

%BeginFont
Handler:DirectoryHandler
FontType:Type1
FontName:Bebas-Regular
FamilyName:Bebas
StyleName:Regular
MenuName:Bebas
StyleBits:0
WeightClass:400
WidthClass:5
AngleClass:0
FullName:Bebas Regular
WritingScript:Roman
OutlineFileName:\Bebas-Regular.otf
DataFormat:sfntData
UsesStandardEncoding:yes
isCFF:yes
hasSVG:no
FileLength:8760
FileModTime:1552317422
NameArray:0,Mac,4,Bebas Regular
NameArray:0,Win,1,Bebas
%EndFont

%BeginFont
Handler:DirectoryHandler
FontType:Type1
FontName:MinionPro-Regular
FamilyName:Minion Pro
StyleName:Regular
MenuName:Minion Pro
StyleBits:0
WeightClass:400
WidthClass:5
AngleClass:0
FullName:Minion Pro
WritingScript:Roman
OutlineFileName:\MinionPro-Regular.otf
DataFormat:sfntData
UsesStandardEncoding:yes
isCFF:yes
hasSVG:no
FileLength:218640
FileModTime:1540288846
DesignSize:110
NameArray:0,Mac,4,Minion Pro
NameArray:0,Win,1,Minion Pro
%EndFont

